Connecting to database specified by database.yml
Connecting to database specified by database.yml
  [1m[36m (0.1ms)[0m  [1mselect sqlite_version(*)[0m
  [1m[35m (170.1ms)[0m  CREATE TABLE "schema_migrations" ("version" varchar(255) NOT NULL) 
  [1m[36m (0.1ms)[0m  [1mPRAGMA index_list("schema_migrations")[0m
  [1m[35m (156.6ms)[0m  CREATE UNIQUE INDEX "unique_schema_migrations" ON "schema_migrations" ("version")
  [1m[36m (0.2ms)[0m  [1mSELECT "schema_migrations"."version" FROM "schema_migrations" [0m
Migrating to CreateUsers (20121107154518)
  [1m[35m (0.1ms)[0m  begin transaction
  [1m[36m (0.9ms)[0m  [1mCREATE TABLE "users" ("id" INTEGER PRIMARY KEY AUTOINCREMENT NOT NULL, "username" varchar(255), "email" varchar(255), "crypted_password" varchar(255), "password_salt" varchar(255), "persistence_token" varchar(255), "created_at" datetime NOT NULL, "updated_at" datetime NOT NULL) [0m
  [1m[35m (0.2ms)[0m  INSERT INTO "schema_migrations" ("version") VALUES ('20121107154518')
  [1m[36m (206.4ms)[0m  [1mcommit transaction[0m
  [1m[35m (0.2ms)[0m  select sqlite_version(*)
  [1m[36m (0.2ms)[0m  [1mSELECT "schema_migrations"."version" FROM "schema_migrations" [0m
  [1m[35m (0.0ms)[0m  PRAGMA index_list("users")
Connecting to database specified by database.yml
Connecting to database specified by database.yml
Connecting to database specified by database.yml
Connecting to database specified by database.yml
Connecting to database specified by database.yml


Started GET "/" for 127.0.0.1 at Wed Nov 07 17:04:38 +0100 2012

ActionController::RoutingError (undefined local variable or method `act_as_authentic' for #<Class:0xb380fd50>):
  app/models/user.rb:2
  app/controllers/users_controller.rb:1


  Rendered /home/jtesta/.rvm/gems/ruby-1.8.7-p371/gems/actionpack-3.2.8/lib/action_dispatch/middleware/templates/rescues/routing_error.erb within rescues/layout (3.6ms)
Connecting to database specified by database.yml


Started GET "/" for 127.0.0.1 at Wed Nov 07 17:07:06 +0100 2012

ActionController::RoutingError (undefined local variable or method `act_as_authentic' for #<Class:0xb388feec>):
  app/models/user.rb:2
  app/controllers/users_controller.rb:1


  Rendered /home/jtesta/.rvm/gems/ruby-1.8.7-p371/gems/actionpack-3.2.8/lib/action_dispatch/middleware/templates/rescues/routing_error.erb within rescues/layout (1.0ms)


Started GET "/" for 127.0.0.1 at Wed Nov 07 17:07:50 +0100 2012
Processing by UsersController#index as HTML
  [1m[36mUser Load (0.1ms)[0m  [1mSELECT "users".* FROM "users" [0m
  Rendered users/index.html.erb within layouts/application (0.8ms)
Compiled scaffolds.css  (30ms)  (pid 15201)
Compiled users.css  (1ms)  (pid 15201)
Compiled application.css  (42ms)  (pid 15201)
Compiled jquery.js  (10ms)  (pid 15201)
Compiled jquery_ujs.js  (0ms)  (pid 15201)
Compiled users.js  (90ms)  (pid 15201)
Compiled application.js  (168ms)  (pid 15201)
Completed 200 OK in 305ms (Views: 303.9ms | ActiveRecord: 0.1ms)


Started GET "/assets/application.css?body=1" for 127.0.0.1 at Wed Nov 07 17:07:50 +0100 2012
Served asset /application.css - 304 Not Modified (6ms)


Started GET "/assets/scaffolds.css?body=1" for 127.0.0.1 at Wed Nov 07 17:07:50 +0100 2012
Served asset /scaffolds.css - 304 Not Modified (1ms)


Started GET "/assets/users.css?body=1" for 127.0.0.1 at Wed Nov 07 17:07:50 +0100 2012
Served asset /users.css - 304 Not Modified (1ms)


Started GET "/assets/jquery.js?body=1" for 127.0.0.1 at Wed Nov 07 17:07:50 +0100 2012
Served asset /jquery.js - 304 Not Modified (2ms)


Started GET "/assets/jquery_ujs.js?body=1" for 127.0.0.1 at Wed Nov 07 17:07:50 +0100 2012
Served asset /jquery_ujs.js - 304 Not Modified (2ms)


Started GET "/assets/users.js?body=1" for 127.0.0.1 at Wed Nov 07 17:07:50 +0100 2012
Served asset /users.js - 304 Not Modified (1ms)


Started GET "/assets/application.js?body=1" for 127.0.0.1 at Wed Nov 07 17:07:50 +0100 2012
Served asset /application.js - 304 Not Modified (5ms)


Started GET "/users/new" for 127.0.0.1 at Wed Nov 07 17:07:54 +0100 2012
Processing by UsersController#new as HTML
  Rendered users/_form.html.erb (3.7ms)
  Rendered users/new.html.erb within layouts/application (5.8ms)
Completed 200 OK in 45ms (Views: 39.9ms | ActiveRecord: 0.0ms)


Started GET "/assets/application.css?body=1" for 127.0.0.1 at Wed Nov 07 17:07:55 +0100 2012
Served asset /application.css - 304 Not Modified (0ms)


Started GET "/assets/users.css?body=1" for 127.0.0.1 at Wed Nov 07 17:07:55 +0100 2012
Served asset /users.css - 304 Not Modified (0ms)


Started GET "/assets/scaffolds.css?body=1" for 127.0.0.1 at Wed Nov 07 17:07:55 +0100 2012
Served asset /scaffolds.css - 304 Not Modified (0ms)


Started GET "/assets/users.js?body=1" for 127.0.0.1 at Wed Nov 07 17:07:55 +0100 2012
Served asset /users.js - 304 Not Modified (0ms)


Started GET "/assets/jquery_ujs.js?body=1" for 127.0.0.1 at Wed Nov 07 17:07:55 +0100 2012
Served asset /jquery_ujs.js - 304 Not Modified (0ms)


Started GET "/assets/jquery.js?body=1" for 127.0.0.1 at Wed Nov 07 17:07:55 +0100 2012
Served asset /jquery.js - 304 Not Modified (0ms)


Started GET "/assets/application.js?body=1" for 127.0.0.1 at Wed Nov 07 17:07:55 +0100 2012
Served asset /application.js - 304 Not Modified (0ms)


Started POST "/users" for 127.0.0.1 at Wed Nov 07 17:08:11 +0100 2012
Processing by UsersController#create as HTML
  Parameters: {"utf8"=>"✓", "commit"=>"Create User", "authenticity_token"=>"gas5zNCYYcre2Nhg2KIPxcXVnUV4E9P4n95hxl4MG88=", "user"=>{"email"=>"jules.testard@gmail.com", "password"=>"[FILTERED]", "password_confirmation"=>"[FILTERED]", "username"=>"julestestard"}}
Completed 500 Internal Server Error in 2ms

ActiveModel::MassAssignmentSecurity::Error (Can't mass-assign protected attributes: email, password, password_confirmation, username):
  app/controllers/users_controller.rb:43:in `new'
  app/controllers/users_controller.rb:43:in `create'


  Rendered /home/jtesta/.rvm/gems/ruby-1.8.7-p371/gems/actionpack-3.2.8/lib/action_dispatch/middleware/templates/rescues/_trace.erb (1.1ms)
  Rendered /home/jtesta/.rvm/gems/ruby-1.8.7-p371/gems/actionpack-3.2.8/lib/action_dispatch/middleware/templates/rescues/_request_and_response.erb (0.9ms)
  Rendered /home/jtesta/.rvm/gems/ruby-1.8.7-p371/gems/actionpack-3.2.8/lib/action_dispatch/middleware/templates/rescues/diagnostics.erb within rescues/layout (6.8ms)


Started GET "/users" for 127.0.0.1 at Wed Nov 07 17:15:09 +0100 2012
Processing by UsersController#index as HTML
  [1m[35mUser Load (0.1ms)[0m  SELECT "users".* FROM "users" 
  Rendered users/index.html.erb within layouts/application (0.4ms)
Completed 200 OK in 8ms (Views: 6.8ms | ActiveRecord: 0.1ms)


Started GET "/assets/application.css?body=1" for 127.0.0.1 at Wed Nov 07 17:15:09 +0100 2012
Served asset /application.css - 304 Not Modified (0ms)


Started GET "/assets/scaffolds.css?body=1" for 127.0.0.1 at Wed Nov 07 17:15:09 +0100 2012
Served asset /scaffolds.css - 304 Not Modified (0ms)


Started GET "/assets/users.css?body=1" for 127.0.0.1 at Wed Nov 07 17:15:09 +0100 2012
Served asset /users.css - 304 Not Modified (0ms)


Started GET "/assets/jquery.js?body=1" for 127.0.0.1 at Wed Nov 07 17:15:09 +0100 2012
Served asset /jquery.js - 304 Not Modified (0ms)


Started GET "/assets/jquery_ujs.js?body=1" for 127.0.0.1 at Wed Nov 07 17:15:09 +0100 2012
Served asset /jquery_ujs.js - 304 Not Modified (0ms)


Started GET "/assets/users.js?body=1" for 127.0.0.1 at Wed Nov 07 17:15:09 +0100 2012
Served asset /users.js - 304 Not Modified (0ms)


Started GET "/assets/application.js?body=1" for 127.0.0.1 at Wed Nov 07 17:15:09 +0100 2012
Served asset /application.js - 304 Not Modified (0ms)


Started GET "/users/new" for 127.0.0.1 at Wed Nov 07 17:15:11 +0100 2012
Processing by UsersController#new as HTML
  Rendered users/_form.html.erb (4.7ms)
  Rendered users/new.html.erb within layouts/application (6.5ms)
Completed 200 OK in 26ms (Views: 13.3ms | ActiveRecord: 0.0ms)


Started GET "/assets/application.css?body=1" for 127.0.0.1 at Wed Nov 07 17:15:11 +0100 2012
Served asset /application.css - 304 Not Modified (0ms)


Started GET "/assets/users.js?body=1" for 127.0.0.1 at Wed Nov 07 17:15:11 +0100 2012
Served asset /users.js - 304 Not Modified (0ms)


Started GET "/assets/jquery_ujs.js?body=1" for 127.0.0.1 at Wed Nov 07 17:15:11 +0100 2012
Served asset /jquery_ujs.js - 304 Not Modified (0ms)


Started GET "/assets/jquery.js?body=1" for 127.0.0.1 at Wed Nov 07 17:15:11 +0100 2012
Served asset /jquery.js - 304 Not Modified (0ms)


Started GET "/assets/users.css?body=1" for 127.0.0.1 at Wed Nov 07 17:15:11 +0100 2012
Served asset /users.css - 304 Not Modified (0ms)


Started GET "/assets/scaffolds.css?body=1" for 127.0.0.1 at Wed Nov 07 17:15:11 +0100 2012
Served asset /scaffolds.css - 304 Not Modified (0ms)


Started GET "/assets/application.js?body=1" for 127.0.0.1 at Wed Nov 07 17:15:11 +0100 2012
Served asset /application.js - 304 Not Modified (0ms)


Started POST "/users" for 127.0.0.1 at Wed Nov 07 17:15:18 +0100 2012
Processing by UsersController#create as HTML
  Parameters: {"utf8"=>"✓", "commit"=>"Create User", "authenticity_token"=>"gas5zNCYYcre2Nhg2KIPxcXVnUV4E9P4n95hxl4MG88=", "user"=>{"email"=>"jules.testard@gmail.com", "password"=>"[FILTERED]", "password_confirmation"=>"[FILTERED]", "username"=>"julestestard"}}
Completed 500 Internal Server Error in 1ms

ActiveModel::MassAssignmentSecurity::Error (Can't mass-assign protected attributes: email, password, password_confirmation, username):
  app/controllers/users_controller.rb:43:in `new'
  app/controllers/users_controller.rb:43:in `create'


  Rendered /home/jtesta/.rvm/gems/ruby-1.8.7-p371/gems/actionpack-3.2.8/lib/action_dispatch/middleware/templates/rescues/_trace.erb (1.1ms)
  Rendered /home/jtesta/.rvm/gems/ruby-1.8.7-p371/gems/actionpack-3.2.8/lib/action_dispatch/middleware/templates/rescues/_request_and_response.erb (1.1ms)
  Rendered /home/jtesta/.rvm/gems/ruby-1.8.7-p371/gems/actionpack-3.2.8/lib/action_dispatch/middleware/templates/rescues/diagnostics.erb within rescues/layout (7.0ms)
Connecting to database specified by database.yml


Started GET "/" for 127.0.0.1 at Wed Nov 07 17:33:38 +0100 2012
Processing by UsersController#index as HTML
  [1m[36mUser Load (0.1ms)[0m  [1mSELECT "users".* FROM "users" [0m
  Rendered users/index.html.erb within layouts/application (1.4ms)
Completed 200 OK in 28ms (Views: 26.7ms | ActiveRecord: 0.1ms)


Started GET "/assets/application.css?body=1" for 127.0.0.1 at Wed Nov 07 17:33:38 +0100 2012
Served asset /application.css - 304 Not Modified (8ms)


Started GET "/assets/scaffolds.css?body=1" for 127.0.0.1 at Wed Nov 07 17:33:38 +0100 2012
Served asset /scaffolds.css - 304 Not Modified (1ms)


Started GET "/assets/users.css?body=1" for 127.0.0.1 at Wed Nov 07 17:33:38 +0100 2012
Served asset /users.css - 304 Not Modified (1ms)


Started GET "/assets/jquery.js?body=1" for 127.0.0.1 at Wed Nov 07 17:33:38 +0100 2012
Served asset /jquery.js - 304 Not Modified (2ms)


Started GET "/assets/jquery_ujs.js?body=1" for 127.0.0.1 at Wed Nov 07 17:33:38 +0100 2012
Served asset /jquery_ujs.js - 304 Not Modified (2ms)


Started GET "/assets/users.js?body=1" for 127.0.0.1 at Wed Nov 07 17:33:38 +0100 2012
Served asset /users.js - 304 Not Modified (1ms)


Started GET "/assets/application.js?body=1" for 127.0.0.1 at Wed Nov 07 17:33:38 +0100 2012
Served asset /application.js - 304 Not Modified (36ms)


Started GET "/users/new" for 127.0.0.1 at Wed Nov 07 17:33:40 +0100 2012
Processing by UsersController#new as HTML
  Rendered users/_form.html.erb (4.1ms)
  Rendered users/new.html.erb within layouts/application (6.4ms)
Completed 200 OK in 21ms (Views: 11.3ms | ActiveRecord: 0.0ms)


Started GET "/assets/application.css?body=1" for 127.0.0.1 at Wed Nov 07 17:33:40 +0100 2012
Served asset /application.css - 304 Not Modified (0ms)


Started GET "/assets/jquery_ujs.js?body=1" for 127.0.0.1 at Wed Nov 07 17:33:40 +0100 2012
Served asset /jquery_ujs.js - 304 Not Modified (0ms)


Started GET "/assets/jquery.js?body=1" for 127.0.0.1 at Wed Nov 07 17:33:40 +0100 2012
Served asset /jquery.js - 304 Not Modified (0ms)


Started GET "/assets/scaffolds.css?body=1" for 127.0.0.1 at Wed Nov 07 17:33:40 +0100 2012
Served asset /scaffolds.css - 304 Not Modified (0ms)


Started GET "/assets/users.js?body=1" for 127.0.0.1 at Wed Nov 07 17:33:40 +0100 2012
Served asset /users.js - 304 Not Modified (0ms)


Started GET "/assets/users.css?body=1" for 127.0.0.1 at Wed Nov 07 17:33:40 +0100 2012
Served asset /users.css - 304 Not Modified (0ms)


Started GET "/assets/application.js?body=1" for 127.0.0.1 at Wed Nov 07 17:33:40 +0100 2012
Served asset /application.js - 304 Not Modified (0ms)


Started POST "/users" for 127.0.0.1 at Wed Nov 07 17:33:45 +0100 2012
Processing by UsersController#create as HTML
  Parameters: {"user"=>{"email"=>"jules.testard@gmail.com", "username"=>"julestestard", "password_confirmation"=>"[FILTERED]", "password"=>"[FILTERED]"}, "commit"=>"Create User", "authenticity_token"=>"gas5zNCYYcre2Nhg2KIPxcXVnUV4E9P4n95hxl4MG88=", "utf8"=>"✓"}
  [1m[35m (0.1ms)[0m  begin transaction
  [1m[36mUser Exists (0.1ms)[0m  [1mSELECT 1 AS one FROM "users" WHERE LOWER("users"."email") = LOWER('jules.testard@gmail.com') LIMIT 1[0m
  [1m[35mUser Exists (0.1ms)[0m  SELECT 1 AS one FROM "users" WHERE LOWER("users"."username") = LOWER('julestestard') LIMIT 1
  [1m[36mUser Exists (0.1ms)[0m  [1mSELECT 1 AS one FROM "users" WHERE "users"."persistence_token" = '93127cd441c52868bd93692f53ec11f7922b5adcdf94207ddff514df77b9a3a350149561050efb8fa02550d49d3ab7d7dc1e8ebc4ffe42906ee282aadab38b98' LIMIT 1[0m
  [1m[35mSQL (13.6ms)[0m  INSERT INTO "users" ("created_at", "crypted_password", "email", "password_salt", "persistence_token", "updated_at", "username") VALUES (?, ?, ?, ?, ?, ?, ?)  [["created_at", Wed, 07 Nov 2012 16:33:45 UTC +00:00], ["crypted_password", "3342db20a446a4a45195417c214cd2dfe40b05b633df761d49f2ecfdd9fa8c69423cc5f23fbc62db2b40c55899afc92d5082ae741d8a27ddd23e50e309c94639"], ["email", "jules.testard@gmail.com"], ["password_salt", "puX5nGfVaUztBzL4DrJ2"], ["persistence_token", "93127cd441c52868bd93692f53ec11f7922b5adcdf94207ddff514df77b9a3a350149561050efb8fa02550d49d3ab7d7dc1e8ebc4ffe42906ee282aadab38b98"], ["updated_at", Wed, 07 Nov 2012 16:33:45 UTC +00:00], ["username", "julestestard"]]
  [1m[36m (183.6ms)[0m  [1mcommit transaction[0m
Redirected to http://localhost:3000/users
Completed 302 Found in 298ms (ActiveRecord: 197.5ms)


Started GET "/users" for 127.0.0.1 at Wed Nov 07 17:33:46 +0100 2012
Processing by UsersController#index as HTML
  [1m[35mUser Load (0.2ms)[0m  SELECT "users".* FROM "users" 
  Rendered users/index.html.erb within layouts/application (1.5ms)
  [1m[36mUser Load (0.1ms)[0m  [1mSELECT "users".* FROM "users" WHERE "users"."persistence_token" = '93127cd441c52868bd93692f53ec11f7922b5adcdf94207ddff514df77b9a3a350149561050efb8fa02550d49d3ab7d7dc1e8ebc4ffe42906ee282aadab38b98' LIMIT 1[0m
Completed 200 OK in 12ms (Views: 10.1ms | ActiveRecord: 0.3ms)


Started GET "/assets/application.css?body=1" for 127.0.0.1 at Wed Nov 07 17:33:46 +0100 2012
Served asset /application.css - 304 Not Modified (0ms)


Started GET "/assets/scaffolds.css?body=1" for 127.0.0.1 at Wed Nov 07 17:33:46 +0100 2012
Served asset /scaffolds.css - 304 Not Modified (0ms)


Started GET "/assets/users.css?body=1" for 127.0.0.1 at Wed Nov 07 17:33:46 +0100 2012
Served asset /users.css - 304 Not Modified (0ms)


Started GET "/assets/jquery_ujs.js?body=1" for 127.0.0.1 at Wed Nov 07 17:33:46 +0100 2012
Served asset /jquery_ujs.js - 304 Not Modified (0ms)


Started GET "/assets/jquery.js?body=1" for 127.0.0.1 at Wed Nov 07 17:33:46 +0100 2012
Served asset /jquery.js - 304 Not Modified (0ms)


Started GET "/assets/users.js?body=1" for 127.0.0.1 at Wed Nov 07 17:33:46 +0100 2012
Served asset /users.js - 304 Not Modified (0ms)


Started GET "/assets/application.js?body=1" for 127.0.0.1 at Wed Nov 07 17:33:46 +0100 2012
Served asset /application.js - 304 Not Modified (0ms)
